<?xml version="1.0" encoding="UTF-8"?>
<!-- Generated by org.testng.reporters.JUnitXMLReporter -->
<testsuite hostname="DESKTOP-ODQ4RN5" failures="0" tests="3" name="ExpandReport(failed)" time="12.059" errors="0" timestamp="5 Mar 2018 05:44:15 GMT">
  <testcase classname="com.anantaa.extends_reports3_23_02.FaceBookLogin" name="@BeforeClass setUrl" time="0.0">
    <failure type="org.openqa.selenium.NoSuchWindowException" message="no such window: target window already closed
from unknown error: web view not found
  (Session info: chrome=64.0.3282.186)
  (Driver info: chromedriver=2.33.506120 (e3e53437346286c0bc2d2dc9aa4915ba81d9023f),platform=Windows NT 10.0.16299 x86_64) (WARNING: The server did not provide any stacktrace information)
Command duration or timeout: 0 milliseconds
Build info: version: &amp;apos;3.9.1&amp;apos;, revision: &amp;apos;63f7b50&amp;apos;, time: &amp;apos;2018-02-07T22:42:28.403Z&amp;apos;
System info: host: &amp;apos;DESKTOP-ODQ4RN5&amp;apos;, ip: &amp;apos;192.168.0.20&amp;apos;, os.name: &amp;apos;Windows 10&amp;apos;, os.arch: &amp;apos;amd64&amp;apos;, os.version: &amp;apos;10.0&amp;apos;, java.version: &amp;apos;9.0.1&amp;apos;
Driver info: org.openqa.selenium.chrome.ChromeDriver
Capabilities {acceptSslCerts: true, applicationCacheEnabled: false, browserConnectionEnabled: false, browserName: chrome, chrome: {chromedriverVersion: 2.33.506120 (e3e53437346286..., userDataDir: C:\Users\Anantaa\AppData\Lo...}, cssSelectorsEnabled: true, databaseEnabled: false, handlesAlerts: true, hasTouchScreen: false, javascriptEnabled: true, locationContextEnabled: true, mobileEmulationEnabled: false, nativeEvents: true, networkConnectionEnabled: false, pageLoadStrategy: normal, platform: XP, platformName: XP, rotatable: false, setWindowRect: true, takesHeapSnapshot: true, takesScreenshot: true, unexpectedAlertBehaviour: , unhandledPromptBehavior: , version: 64.0.3282.186, webStorageEnabled: true}
Session ID: fc71ec2e4e906091f4c44e60d97ea052">
      <![CDATA[org.openqa.selenium.NoSuchWindowException: no such window: target window already closed
from unknown error: web view not found
  (Session info: chrome=64.0.3282.186)
  (Driver info: chromedriver=2.33.506120 (e3e53437346286c0bc2d2dc9aa4915ba81d9023f),platform=Windows NT 10.0.16299 x86_64) (WARNING: The server did not provide any stacktrace information)
Command duration or timeout: 0 milliseconds
Build info: version: '3.9.1', revision: '63f7b50', time: '2018-02-07T22:42:28.403Z'
System info: host: 'DESKTOP-ODQ4RN5', ip: '192.168.0.20', os.name: 'Windows 10', os.arch: 'amd64', os.version: '10.0', java.version: '9.0.1'
Driver info: org.openqa.selenium.chrome.ChromeDriver
Capabilities {acceptSslCerts: true, applicationCacheEnabled: false, browserConnectionEnabled: false, browserName: chrome, chrome: {chromedriverVersion: 2.33.506120 (e3e53437346286..., userDataDir: C:\Users\Anantaa\AppData\Lo...}, cssSelectorsEnabled: true, databaseEnabled: false, handlesAlerts: true, hasTouchScreen: false, javascriptEnabled: true, locationContextEnabled: true, mobileEmulationEnabled: false, nativeEvents: true, networkConnectionEnabled: false, pageLoadStrategy: normal, platform: XP, platformName: XP, rotatable: false, setWindowRect: true, takesHeapSnapshot: true, takesScreenshot: true, unexpectedAlertBehaviour: , unhandledPromptBehavior: , version: 64.0.3282.186, webStorageEnabled: true}
Session ID: fc71ec2e4e906091f4c44e60d97ea052
	at org.openqa.selenium.remote.ErrorHandler.createThrowable(ErrorHandler.java:214)
	at org.openqa.selenium.remote.ErrorHandler.throwIfResponseFailed(ErrorHandler.java:166)
	at org.openqa.selenium.remote.http.JsonHttpResponseCodec.reconstructValue(JsonHttpResponseCodec.java:40)
	at org.openqa.selenium.remote.http.AbstractHttpResponseCodec.decode(AbstractHttpResponseCodec.java:80)
	at org.openqa.selenium.remote.http.AbstractHttpResponseCodec.decode(AbstractHttpResponseCodec.java:44)
	at org.openqa.selenium.remote.HttpCommandExecutor.execute(HttpCommandExecutor.java:160)
	at org.openqa.selenium.remote.service.DriverCommandExecutor.execute(DriverCommandExecutor.java:83)
	at org.openqa.selenium.remote.RemoteWebDriver.execute(RemoteWebDriver.java:601)
	at org.openqa.selenium.remote.RemoteWebDriver.execute(RemoteWebDriver.java:658)
	at org.openqa.selenium.remote.RemoteWebDriver$RemoteWebDriverOptions.deleteAllCookies(RemoteWebDriver.java:743)
	at com.anantaa.extends_reports3_23_02.Base.url(Base.java:44)
	at com.anantaa.extends_reports3_23_02.FaceBookLogin.setUrl(FaceBookLogin.java:34)
... Removed 28 stack frames]]>
    </failure>
  </testcase> <!-- @BeforeClass setUrl -->
  <testcase classname="com.anantaa.extends_reports3_23_02.FaceBookLogin" name="@BeforeMethod setValue" time="0.0">
    <skipped/>
  </testcase> <!-- @BeforeMethod setValue -->
  <testcase classname="com.anantaa.extends_reports3_23_02.FaceBookLogin" name="@AfterMethod result" time="0.0">
    <skipped/>
  </testcase> <!-- @AfterMethod result -->
  <testcase classname="com.anantaa.extends_reports3_23_02.FaceBookLogin" name="@BeforeMethod setValue" time="0.0">
    <skipped/>
  </testcase> <!-- @BeforeMethod setValue -->
  <testcase classname="com.anantaa.extends_reports3_23_02.FaceBookLogin" name="@AfterMethod result" time="0.0">
    <skipped/>
  </testcase> <!-- @AfterMethod result -->
  <testcase classname="com.anantaa.extends_reports3_23_02.FaceBookLogin" name="@BeforeMethod setValue" time="0.0">
    <skipped/>
  </testcase> <!-- @BeforeMethod setValue -->
  <testcase classname="com.anantaa.extends_reports3_23_02.FaceBookLogin" name="@AfterMethod result" time="0.0">
    <skipped/>
  </testcase> <!-- @AfterMethod result -->
  <testcase classname="com.anantaa.extends_reports3_23_02.FaceBookLogin" name="@AfterClass tearDown" time="0.0">
    <skipped/>
  </testcase> <!-- @AfterClass tearDown -->
  <testcase classname="com.anantaa.extends_reports3_23_02.FaceBookLogin" name="pageTitle" time="0.001">
    <skipped/>
  </testcase> <!-- pageTitle -->
  <testcase classname="com.anantaa.extends_reports3_23_02.FaceBookLogin" name="errMsgBothBlank" time="0.002">
    <skipped/>
  </testcase> <!-- errMsgBothBlank -->
  <testcase classname="com.anantaa.extends_reports3_23_02.FaceBookLogin" name="errPassBlank" time="0.004">
    <skipped/>
  </testcase> <!-- errPassBlank -->
</testsuite> <!-- ExpandReport(failed) -->
